<?xml version="1.0" encoding="UTF-8"?>
<!-- Generated by org.testng.reporters.JUnitXMLReporter -->
<testsuite hostname="Anusha-PC" ignored="0" name="Test" tests="3" failures="0" timestamp="07 Mar 2018 06:19:01 GMT" time="1.094" errors="0">
  <testcase name="browservalue" time="0.925" classname="com.Chiselon.ColourClassifieds.Utilities.TC_exceldata"/>
  <testcase name="descriptiondata" time="0.07" classname="com.Chiselon.ColourClassifieds.Utilities.TC_exceldata"/>
  <testcase name="titledata" time="0.048" classname="com.Chiselon.ColourClassifieds.Utilities.TC_exceldata"/>
</testsuite> <!-- Test -->
