<?xml version="1.0" encoding="UTF-8"?>
<testng-results skipped="0" failed="0" ignored="0" total="1" passed="1">
  <reporter-output>
  </reporter-output>
  <suite name="Default suite" duration-ms="9644" started-at="2018-02-20T07:07:29Z" finished-at="2018-02-20T07:07:39Z">
    <groups>
    </groups>
    <test name="Default test" duration-ms="9644" started-at="2018-02-20T07:07:29Z" finished-at="2018-02-20T07:07:39Z">
      <class name="com.Chiselon.ColourClassifieds.UItest.Colourclassifieds_test">
        <test-method status="PASS" signature="test()[pri:0, instance:com.Chiselon.ColourClassifieds.UItest.Colourclassifieds_test@45820e51]" name="test" duration-ms="9603" started-at="2018-02-20T12:37:29Z" finished-at="2018-02-20T12:37:39Z">
          <reporter-output>
          </reporter-output>
        </test-method> <!-- test -->
      </class> <!-- com.Chiselon.ColourClassifieds.UItest.Colourclassifieds_test -->
    </test> <!-- Default test -->
  </suite> <!-- Default suite -->
</testng-results>
